TN:
SF:script/Counter.s.sol
DA:10,0
FN:10,CounterScript.setUp
FNDA:0,CounterScript.setUp
DA:12,0
FN:12,CounterScript.run
FNDA:0,CounterScript.run
DA:13,0
DA:15,0
DA:17,0
FNF:2
FNH:0
LF:5
LH:0
BRF:0
BRH:0
end_of_record
TN:
SF:src/Counter.sol
DA:13,258
FN:13,Counter.onlyOwner
FNDA:258,Counter.onlyOwner
DA:14,258
BRDA:14,0,0,1
DA:18,8
FN:18,Counter.constructor
FNDA:8,Counter.constructor
DA:19,8
DA:22,258
FN:22,Counter.setNumber
FNDA:258,Counter.setNumber
DA:23,257
DA:24,257
DA:27,2
FN:27,Counter.increment
FNDA:2,Counter.increment
DA:28,2
DA:29,2
DA:32,1
FN:32,Counter.decrement
FNDA:1,Counter.decrement
DA:33,1
BRDA:33,1,0,1
DA:34,0
DA:35,0
FNF:5
FNH:5
LF:14
LH:12
BRF:2
BRH:2
end_of_record
